[2026-07-17T11:59:33.635Z] GET file:///Users/hemraj/Hemraj8/profile.svg → 200 (8ms, 29002B)
[2026-07-17T12:17:24.826Z] GET file:///Users/hemraj/Hemraj8/profile.svg → 200 (1ms, 31160B)
[2026-07-17T12:25:59.403Z] GET file:///Users/hemraj/Hemraj8/profile.svg → 200 (?ms, 31386B)
[2026-07-17T12:51:59.512Z] GET file:///Users/hemraj/Hemraj8/profile.svg → 200 (1ms, 49563B)
[2026-07-17T12:53:19.550Z] GET file:///Users/hemraj/Hemraj8/profile.svg → 200 (1ms, 49563B)
[2026-07-17T13:19:28.336Z] GET file:///Users/hemraj/Hemraj8/profile.svg → 200 (1ms, 50943B)
[2026-07-17T13:21:00.330Z] GET file:///Users/hemraj/Hemraj8/preview.html → 200 (?ms, 338B)
[2026-07-17T13:21:00.352Z] GET file:///Users/hemraj/Hemraj8/pr.svg → 200 (8ms, 270B)
[2026-07-17T13:21:00.352Z] GET file:///Users/hemraj/Hemraj8/btn_email.svg → 200 (9ms, 504B)
[2026-07-17T13:21:00.352Z] GET file:///Users/hemraj/Hemraj8/btn_linkedin.svg → 200 (9ms, 837B)
[2026-07-17T13:21:00.352Z] GET file:///Users/hemraj/Hemraj8/btn_github.svg → 200 (10ms, 1049B)
[2026-07-17T13:21:00.352Z] GET file:///Users/hemraj/Hemraj8/signoff.svg → 200 (10ms, 323B)
[2026-07-17T13:32:21.822Z] GET file:///Users/hemraj/Hemraj8/profile.svg → 200 (2ms, 51132B)
[2026-07-17T13:32:46.088Z] GET file:///Users/hemraj/Hemraj8/profile.svg → 200 (1ms, 51132B)
[2026-07-17T13:41:54.554Z] GET file:///Users/hemraj/Hemraj8/profile.svg → 200 (1ms, 51172B)
[2026-07-17T13:52:18.782Z] GET file:///Users/hemraj/Hemraj8/profile.svg → 200 (3ms, 50953B)
[2026-07-17T13:52:50.655Z] GET file:///Users/hemraj/Hemraj8/preview.html → 200 (1ms, 141B)
[2026-07-17T13:52:50.661Z] GET file:///Users/hemraj/Hemraj8/btn_email.svg → 200 (1ms, 504B)
[2026-07-17T13:52:50.662Z] GET file:///Users/hemraj/Hemraj8/btn_linkedin.svg → 200 (1ms, 837B)
[2026-07-17T13:52:50.662Z] GET file:///Users/hemraj/Hemraj8/signoff.svg → 200 (1ms, 323B)
[2026-07-17T13:58:25.289Z] GET file:///Users/hemraj/Hemraj8/mock.html → 200 (?ms, 445B)
[2026-07-17T13:58:25.292Z] GET file:///Users/hemraj/Hemraj8/profile.svg → 200 (8ms, 50953B)
[2026-07-17T13:58:25.292Z] GET file:///Users/hemraj/Hemraj8/spacer.svg → 200 (9ms, -25B)
[2026-07-17T13:58:25.292Z] GET file:///Users/hemraj/Hemraj8/btn_email.svg → 200 (9ms, 504B)
[2026-07-17T13:58:25.292Z] GET file:///Users/hemraj/Hemraj8/btn_linkedin.svg → 200 (9ms, 837B)
[2026-07-17T13:58:25.292Z] GET file:///Users/hemraj/Hemraj8/signoff.svg → 200 (10ms, 323B)
